[DEBUG][22-03-09][org.apache.ibatis.logging.LogFactory]Logging initialized using 'class org.apache.ibatis.logging.log4j.Log4jImpl' adapter.
[DEBUG][22-03-09][org.apache.ibatis.logging.LogFactory]Logging initialized using 'class org.apache.ibatis.logging.log4j.Log4jImpl' adapter.
[DEBUG][22-03-09][org.apache.ibatis.datasource.pooled.PooledDataSource]PooledDataSource forcefully closed/removed all connections.
[DEBUG][22-03-09][org.apache.ibatis.datasource.pooled.PooledDataSource]PooledDataSource forcefully closed/removed all connections.
[DEBUG][22-03-09][org.apache.ibatis.datasource.pooled.PooledDataSource]PooledDataSource forcefully closed/removed all connections.
[DEBUG][22-03-09][org.apache.ibatis.datasource.pooled.PooledDataSource]PooledDataSource forcefully closed/removed all connections.
[DEBUG][22-03-09][org.apache.ibatis.transaction.jdbc.JdbcTransaction]Opening JDBC Connection
[DEBUG][22-03-09][org.apache.ibatis.datasource.pooled.PooledDataSource]Created connection 1878169648.
[DEBUG][22-03-09][org.apache.ibatis.transaction.jdbc.JdbcTransaction]Setting autocommit to false on JDBC Connection [com.mysql.cj.jdbc.ConnectionImpl@6ff29830]
[DEBUG][22-03-09][com.xuexi.dao.UserMapper.getUserList]==>  Preparing: select * from mybatistest.user
[DEBUG][22-03-09][com.xuexi.dao.UserMapper.getUserList]==> Parameters: 
[DEBUG][22-03-09][com.xuexi.dao.UserMapper.getUserList]<==      Total: 2
[DEBUG][22-03-09][org.apache.ibatis.transaction.jdbc.JdbcTransaction]Resetting autocommit to true on JDBC Connection [com.mysql.cj.jdbc.ConnectionImpl@6ff29830]
[DEBUG][22-03-09][org.apache.ibatis.transaction.jdbc.JdbcTransaction]Closing JDBC Connection [com.mysql.cj.jdbc.ConnectionImpl@6ff29830]
[DEBUG][22-03-09][org.apache.ibatis.datasource.pooled.PooledDataSource]Returned connection 1878169648 to pool.
[DEBUG][22-03-09][org.apache.ibatis.logging.LogFactory]Logging initialized using 'class org.apache.ibatis.logging.log4j.Log4jImpl' adapter.
[DEBUG][22-03-09][org.apache.ibatis.logging.LogFactory]Logging initialized using 'class org.apache.ibatis.logging.log4j.Log4jImpl' adapter.
[DEBUG][22-03-09][org.apache.ibatis.datasource.pooled.PooledDataSource]PooledDataSource forcefully closed/removed all connections.
[DEBUG][22-03-09][org.apache.ibatis.datasource.pooled.PooledDataSource]PooledDataSource forcefully closed/removed all connections.
[DEBUG][22-03-09][org.apache.ibatis.datasource.pooled.PooledDataSource]PooledDataSource forcefully closed/removed all connections.
[DEBUG][22-03-09][org.apache.ibatis.datasource.pooled.PooledDataSource]PooledDataSource forcefully closed/removed all connections.
[DEBUG][22-03-09][org.apache.ibatis.transaction.jdbc.JdbcTransaction]Opening JDBC Connection
[DEBUG][22-03-09][org.apache.ibatis.datasource.pooled.PooledDataSource]Created connection 1418620248.
[DEBUG][22-03-09][org.apache.ibatis.transaction.jdbc.JdbcTransaction]Setting autocommit to false on JDBC Connection [com.mysql.cj.jdbc.ConnectionImpl@548e6d58]
[DEBUG][22-03-09][com.xuexi.dao.UserMapper.getUserById]==>  Preparing: select * from mybatistest.user where id=?
[DEBUG][22-03-09][com.xuexi.dao.UserMapper.getUserById]==> Parameters: 1(Integer)
[DEBUG][22-03-09][com.xuexi.dao.UserMapper.getUserById]<==      Total: 1
[DEBUG][22-03-09][org.apache.ibatis.transaction.jdbc.JdbcTransaction]Resetting autocommit to true on JDBC Connection [com.mysql.cj.jdbc.ConnectionImpl@548e6d58]
[DEBUG][22-03-09][org.apache.ibatis.transaction.jdbc.JdbcTransaction]Closing JDBC Connection [com.mysql.cj.jdbc.ConnectionImpl@548e6d58]
[DEBUG][22-03-09][org.apache.ibatis.datasource.pooled.PooledDataSource]Returned connection 1418620248 to pool.
[DEBUG][22-03-09][org.apache.ibatis.logging.LogFactory]Logging initialized using 'class org.apache.ibatis.logging.log4j.Log4jImpl' adapter.
[DEBUG][22-03-09][org.apache.ibatis.logging.LogFactory]Logging initialized using 'class org.apache.ibatis.logging.log4j.Log4jImpl' adapter.
[DEBUG][22-03-09][org.apache.ibatis.datasource.pooled.PooledDataSource]PooledDataSource forcefully closed/removed all connections.
[DEBUG][22-03-09][org.apache.ibatis.datasource.pooled.PooledDataSource]PooledDataSource forcefully closed/removed all connections.
[DEBUG][22-03-09][org.apache.ibatis.datasource.pooled.PooledDataSource]PooledDataSource forcefully closed/removed all connections.
[DEBUG][22-03-09][org.apache.ibatis.datasource.pooled.PooledDataSource]PooledDataSource forcefully closed/removed all connections.
[DEBUG][22-03-09][org.apache.ibatis.transaction.jdbc.JdbcTransaction]Opening JDBC Connection
[DEBUG][22-03-09][org.apache.ibatis.datasource.pooled.PooledDataSource]Created connection 681094281.
[DEBUG][22-03-09][org.apache.ibatis.transaction.jdbc.JdbcTransaction]Setting autocommit to false on JDBC Connection [com.mysql.cj.jdbc.ConnectionImpl@2898ac89]
[DEBUG][22-03-09][com.xuexi.dao.UserMapper.addUser]==>  Preparing: insert into mybatistest.user (id,name,pwd) values (?,?,?)
[DEBUG][22-03-09][com.xuexi.dao.UserMapper.addUser]==> Parameters: 2(Integer), 小明(String), 123456(String)
